419
757
68
84
8
229
120
9
398
70
17
12
20
29
189
306
23
69
313
101
141
41
608
155
251
279
1000
89
215
62
128
317
33
10
38
16
128
281
263
845
153
823
7
29
285
279
11
176
194
54
122
43
311
64
16
307
253
317
78
58
33
61
920
715
804
19
47
19
353
926
103
151
259
26
89
0
387
17
44
128
41
89
111
245
26
184
210
343
645
148
131
11
4
161
70
189
647
110
50
351
59
36
120
94
267
90
60
5
0
407
290
1
9
98
211
88
90
83
133
77
42
243
0
98
26
199
1000
646
600
64
193
16
77
155
4
1000
95
182
23
65
324
39
174
337
357
183
411
113
93
254
141
4
53
839
292
177
45
112
11
1000
35
54
1000
29
271
49
20
307
93
167
141
44
293
818
78
3
46
139
2
787
301
181
86
65
123
84
16
162
511
14
602
210
1000
38
49
6
29
818
137
191
