23
504
20
63
13
23
35
128
155
35
1000
56
35
63
195
27
979
63
155
99
109
29
19
260
23
7
35
1000
11
31
35
35
59
109
29
167
35
35
35
35
35
35
674
37
33
23
13
35
14
376
35
186
35
35
19
35
180
69
11
35
27
35
261
35
569
35
35
7
35
35
35
504
35
35
109
35
23
35
17
35
195
99
35
18
47
504
9
35
20
10
35
35
35
29
27
11
35
35
35
25
26
11
35
504
37
35
31
51
35
19
255
35
228
35
15
35
35
35
19
35
26
35
36
33
23
7
35
35
19
35
35
463
47
11
35
35
464
39
23
35
35
109
195
19
35
35
26
35
47
35
17
41
7
35
11
99
10
11
11
35
11
35
20
35
11
35
35
111
47
558
